-38 -39 -40 -41 -42 0
-31 -39 -40 -41 -42 0
-39 -40 -41 -42 0
d -31 -39 -40 -41 -42 0
d -38 -39 -40 -41 -42 0
-1 -32 -40 -41 -42 0
-32 -40 -41 -42 0
d -1 -32 -40 -41 -42 0
-3 -31 -40 -41 -42 0
-31 -40 -41 -42 0
d -3 -31 -40 -41 -42 0
-25 -40 -41 -42 0
-40 -41 -42 0
d -25 -40 -41 -42 0
d -31 -40 -41 -42 0
d -32 -40 -41 -42 0
d -39 -40 -41 -42 0
-21 -1 -26 -41 -42 0
-1 -26 -41 -42 0
d -21 -1 -26 -41 -42 0
-19 34 10 32 8 -41 -42 0
-26 3 -41 -42 0
-21 -4 -25 -41 -42 0
-4 -25 -41 -42 0
d -21 -4 -25 -41 -42 0
-22 32 8 31 7 -41 -42 0
-25 3 -41 -42 0
-7 -34 21 3 -41 -42 0
-34 -27 3 -41 -42 0
-8 -31 21 3 -41 -42 0
-31 -27 3 -41 -42 0
-10 -27 3 -41 -42 0
-27 3 -41 -42 0
d -10 -27 3 -41 -42 0
d -31 -27 3 -41 -42 0
d -34 -27 3 -41 -42 0
-19 3 -41 -42 0
-20 3 -41 -42 0
-1 3 -41 -42 0
3 -41 -42 0
d -1 3 -41 -42 0
d -20 3 -41 -42 0
d -19 3 -41 -42 0
d -27 3 -41 -42 0
d -8 -31 21 3 -41 -42 0
d -7 -34 21 3 -41 -42 0
d -25 3 -41 -42 0
d -26 3 -41 -42 0
-2 10 -41 -42 0
-7 -34 -41 -42 0
-34 10 -41 -42 0
-8 34 -41 -42 0
10 -41 -42 0
d -34 10 -41 -42 0
d -2 10 -41 -42 0
d -19 32 34 10 8 -41 -42 0
-13 -41 -42 0
-41 -42 0
d -13 -41 -42 0
d 10 -41 -42 0
d -8 34 -41 -42 0
d -7 -34 -41 -42 0
d 3 -41 -42 0
d -22 7 32 31 8 -41 -42 0
d -4 -25 -41 -42 0
-3 -22 -31 -14 -42 0
-22 -31 -14 -42 0
d -3 -22 -31 -14 -42 0
-9 -23 -31 -14 -42 0
-23 -31 -14 -42 0
d -9 -23 -31 -14 -42 0
-10 -31 -14 -42 0
-31 -14 -42 0
d -10 -31 -14 -42 0
d -23 -31 -14 -42 0
d -22 -31 -14 -42 0
-1 22 10 -33 -14 -42 0
-28 10 -33 -14 -42 0
-29 10 -33 -14 -42 0
10 -33 -14 -42 0
d -29 10 -33 -14 -42 0
d -28 10 -33 -14 -42 0
d -1 22 10 -33 -14 -42 0
-1 -33 -14 -42 0
-33 -14 -42 0
d -1 -33 -14 -42 0
d 10 -33 -14 -42 0
-1 28 29 23 11 26 20 8 -42 0
-19 10 28 29 11 26 8 -42 0
28 3 29 23 11 5 26 20 8 2 -42 0
3 29 23 11 5 26 20 8 2 -42 0
d 28 3 29 23 11 5 26 20 8 2 -42 0
-28 21 9 23 11 20 8 -42 0
-14 34 -42 0
-9 4 28 -35 -13 -42 0
-22 28 -35 -13 -42 0
-20 28 -35 -13 -42 0
28 -35 -13 -42 0
d -20 28 -35 -13 -42 0
d -22 28 -35 -13 -42 0
d -9 4 28 -35 -13 -42 0
-9 -35 -13 -42 0
-35 -13 -42 0
d -9 -35 -13 -42 0
d 28 -35 -13 -42 0
-8 22 -13 34 -42 0
-23 28 10 8 -13 34 -42 0
-20 28 10 8 -13 34 -42 0
28 10 22 -13 34 -42 0
-5 10 22 -13 34 -42 0
-2 10 22 -13 34 -42 0
10 22 -13 34 -42 0
d -2 10 22 -13 34 -42 0
d -5 10 22 -13 34 -42 0
d 28 10 22 -13 34 -42 0
-32 23 28 4 22 -13 -42 0
23 22 -13 34 -42 0
-33 29 5 28 4 -13 -42 0
22 -13 34 -42 0
d 23 22 -13 34 -42 0
d 10 22 -13 34 -42 0
d -8 22 -13 34 -42 0
-23 -13 34 -42 0
d -23 8 10 28 -13 34 -42 0
5 -33 28 10 4 -13 -42 0
-33 28 10 4 -13 -42 0
d 5 -33 28 10 4 -13 -42 0
-5 26 8 28 10 25 7 -42 0
-13 34 -42 0
d -23 -13 34 -42 0
d 22 -13 34 -42 0
d -20 8 10 28 -13 34 -42 0
-7 23 5 -32 -15 -42 0
-29 5 -32 -15 -42 0
-25 5 -32 -15 -42 0
5 -32 -15 -42 0
d -25 5 -32 -15 -42 0
d -29 5 -32 -15 -42 0
d -7 23 5 -32 -15 -42 0
-32 -15 -42 0
d 5 -32 -15 -42 0
-10 25 19 29 23 -15 -42 0
-5 -15 34 -42 0
-25 4 10 -15 34 -42 0
-22 10 29 -15 34 -42 0
-35 -26 22 10 -15 -42 0
-26 22 10 -15 34 -42 0
-25 22 10 -15 34 -42 0
-8 23 4 22 5 21 3 -42 0
-35 -28 22 10 5 21 9 3 -42 0
10 29 -15 34 -42 0
d -22 10 29 -15 34 -42 0
-31 28 4 29 5 27 3 -42 0
-2 23 28 22 29 -15 -42 0
29 -15 34 -42 0
d 10 29 -15 34 -42 0
-10 19 1 23 5 21 3 -42 0
-15 34 -42 0
d 29 -15 34 -42 0
d -25 22 10 -15 34 -42 0
d -26 22 10 -15 34 -42 0
d -25 4 10 -15 34 -42 0
d -5 -15 34 -42 0
21 31 7 3 19 -29 -16 34 -42 0
3 19 2 -29 -16 34 -42 0
19 2 -29 -16 34 -42 0
d 3 19 2 -29 -16 34 -42 0
2 -29 -16 34 -42 0
d 19 2 -29 -16 34 -42 0
-19 32 8 35 11 10 34 -42 0
-29 -16 34 -42 0
d 2 -29 -16 34 -42 0
d 21 3 7 31 19 -29 -16 34 -42 0
-9 -31 19 29 28 22 4 -42 0
-20 5 -31 29 28 4 -42 0
-11 -31 19 29 28 22 4 -42 0
-31 19 29 28 22 10 4 -42 0
-27 3 -23 11 31 -16 34 -42 0
-7 27 3 5 29 28 4 -42 0
-32 27 3 5 29 28 4 -42 0
3 -23 11 31 -16 34 -42 0
d -27 3 -23 11 31 -16 34 -42 0
-23 11 31 -16 34 -42 0
d 3 -23 11 31 -16 34 -42 0
-3 -20 11 29 28 10 -42 0
-25 -20 11 31 -16 34 -42 0
-20 11 31 -16 34 -42 0
d -25 -20 11 31 -16 34 -42 0
-7 -26 27 3 23 -16 29 34 -42 0
-26 27 3 23 11 -16 29 34 -42 0
-25 3 23 11 -16 34 -42 0
27 3 23 11 -16 29 34 -42 0
d -26 27 3 23 11 -16 29 34 -42 0
-8 33 21 3 23 -16 34 -42 0
19 21 23 11 -16 29 34 -42 0
3 23 11 -16 29 34 -42 0
d 27 3 23 11 -16 29 34 -42 0
23 11 -16 29 34 -42 0
d 3 23 11 -16 29 34 -42 0
d 19 21 23 11 -16 29 34 -42 0
-31 -16 29 -42 0
-23 -16 34 -42 0
d -23 11 31 -16 34 -42 0
-8 19 -16 34 -42 0
-21 27 -16 34 -42 0
27 19 -16 34 -42 0
19 -16 34 -42 0
d 27 19 -16 34 -42 0
d -8 19 -16 34 -42 0
-32 25 1 5 29 28 4 -42 0
-16 34 -42 0
d 19 -16 34 -42 0
d -21 27 -16 34 -42 0
d -23 -16 34 -42 0
d 23 11 -16 29 34 -42 0
d 3 -8 21 33 23 -16 34 -42 0
d -25 3 23 11 -16 34 -42 0
d -7 -26 27 3 23 -16 29 34 -42 0
d -20 11 31 -16 34 -42 0
-26 -19 32 3 34 -42 0
-19 32 -33 34 -42 0
-28 19 -33 -17 -42 0
-10 19 -33 -17 -42 0
4 19 -33 -17 -42 0
19 -33 -17 -42 0
d 4 19 -33 -17 -42 0
d -10 19 -33 -17 -42 0
d -28 19 -33 -17 -42 0
-33 34 -42 0
d -19 32 -33 34 -42 0
-32 -17 -42 0
-3 20 26 8 34 -42 0
-27 3 8 34 -42 0
20 26 8 34 -42 0
d -3 20 26 8 34 -42 0
3 26 8 34 -42 0
26 8 34 -42 0
d 3 26 8 34 -42 0
d 20 26 8 34 -42 0
-3 8 34 -42 0
8 34 -42 0
d -3 8 34 -42 0
d 26 8 34 -42 0
d -27 3 8 34 -42 0
-4 34 -42 0
34 -42 0
d -4 34 -42 0
d 8 34 -42 0
d -33 34 -42 0
d -26 -19 32 3 34 -42 0
d -16 34 -42 0
-29 -19 -3 -42 0
-19 -3 -42 0
d -29 -19 -3 -42 0
29 -20 -3 -42 0
-20 -3 -42 0
d 29 -20 -3 -42 0
-13 -3 -42 0
-3 -42 0
d -13 -3 -42 0
d -20 -3 -42 0
d -19 -3 -42 0
-23 15 1 13 -42 0
-27 -7 13 -42 0
-7 13 29 -42 0
-14 23 21 8 11 29 -42 0
26 5 23 27 21 8 11 29 -42 0
23 8 11 13 29 -42 0
8 11 13 29 -42 0
d 23 8 11 13 29 -42 0
-23 -8 13 29 -42 0
-15 23 26 20 29 -42 0
-8 13 29 -42 0
d -23 -8 13 29 -42 0
-2 13 29 -42 0
-27 19 23 17 13 -42 0
13 29 -42 0
d -2 13 29 -42 0
d -8 13 29 -42 0
d 8 11 13 29 -42 0
d -7 13 29 -42 0
-15 23 29 -42 0
d 20 26 23 -15 29 -42 0
-26 23 -13 -42 0
23 29 -42 0
d -15 23 29 -42 0
d 27 11 26 23 5 8 21 29 -42 0
d -14 11 23 8 21 29 -42 0
29 -42 0
d 23 29 -42 0
d 13 29 -42 0
-13 -42 0
d -26 -13 23 -42 0
-2 -42 0
-9 -42 0
-42 0
-29 -1 36 -21 -8 0
-1 -18 -21 -8 0
-35 29 -18 -21 -8 0
-31 29 -18 -21 -8 0
29 -18 -21 -8 0
d -31 29 -18 -21 -8 0
d -35 29 -18 -21 -8 0
-18 -21 -8 0
d 29 -18 -21 -8 0
d -1 -18 -21 -8 0
-29 1 -16 -21 -8 0
-37 35 29 -16 -21 -8 0
35 1 -16 -21 -8 0
1 -16 -21 -8 0
d 35 1 -16 -21 -8 0
d -29 1 -16 -21 -8 0
-16 -21 -8 0
d 1 -16 -21 -8 0
d -37 35 29 -16 -21 -8 0
-1 41 35 29 39 33 27 -8 0
-40 1 35 29 5 33 27 3 -8 0
-30 31 1 35 5 33 3 -8 0
-21 -8 13 0
-28 5 39 41 35 1 22 21 38 32 20 2 23 0
-6 27 28 29 22 21 26 20 23 0
-33 28 5 39 41 29 1 22 21 38 26 20 2 23 0
-37 34 33 35 22 21 32 20 23 0
-6 34 33 35 22 21 32 20 23 0
-19 27 34 33 28 35 29 -8 0
34 5 39 41 35 29 1 22 21 -8 23 0
5 39 41 35 29 1 22 21 -8 23 0
d 34 5 39 41 35 29 1 22 21 -8 23 0
-34 -24 28 17 39 41 29 -8 13 0
-25 34 36 18 17 39 41 35 -8 13 0
-24 28 17 39 41 35 29 22 -8 13 23 0
-40 24 13 -27 34 -5 -8 0
-37 13 -27 34 -5 -8 0
13 -27 34 -5 28 39 41 -8 0
-27 34 -5 28 39 41 -8 0
d 13 -27 34 -5 28 39 41 -8 0
-13 27 34 -5 39 41 -8 0
-40 27 34 -5 39 41 -8 0
22 27 34 -5 39 41 -8 0
27 34 -5 39 41 -8 0
d 22 27 34 -5 39 41 -8 0
d -40 27 34 -5 39 41 -8 0
d -13 27 34 -5 39 41 -8 0
34 -5 39 41 -8 0
d 27 34 -5 39 41 -8 0
d -27 28 -5 34 39 41 -8 0
-5 39 41 -8 0
d 34 -5 39 41 -8 0
-24 25 13 1 28 16 4 5 -8 0
-30 17 13 1 16 4 5 -8 0
-34 39 41 -8 0
d 17 29 28 13 39 41 -24 -8 -34 0
-27 -23 -37 34 5 -8 0
-23 28 -37 34 5 -8 0
-16 27 28 -37 34 5 -8 0
4 16 -15 27 17 23 -37 34 5 -8 0
-4 33 27 23 -37 34 -8 0
-16 27 -37 34 5 -8 0
d -16 28 27 -37 34 5 -8 0
-15 27 17 23 -37 34 5 -8 0
d 4 16 -15 27 17 23 -37 34 5 -8 0
27 17 23 -37 34 5 -8 0
d -15 27 17 23 -37 34 5 -8 0
-18 3 23 -37 5 -8 0
17 23 -37 34 5 -8 0
d 27 17 23 -37 34 5 -8 0
-27 4 35 -37 34 5 -8 0
23 -37 39 41 -8 0
-3 16 35 17 31 13 34 -8 0
-37 39 41 -8 0
d 23 -37 39 41 -8 0
-18 29 3 27 28 4 5 -8 0
29 15 3 27 17 28 16 4 5 -8 0
-13 35 23 3 22 4 34 5 -8 0
15 23 3 27 17 28 22 16 4 34 5 -8 0
-1 33 21 23 27 28 22 34 -8 0
23 3 27 17 28 22 16 4 34 5 -8 0
d 15 23 3 27 17 28 22 16 4 34 5 -8 0
3 27 17 39 41 -8 0
-1 -23 39 41 -8 0
-27 1 35 17 16 4 34 5 -8 0
-31 27 1 29 17 28 16 4 5 -8 0
-23 39 41 -8 0
d -1 -23 39 41 -8 0
-36 21 15 17 23 22 16 -8 0
17 33 27 35 1 39 41 -8 0
33 27 35 1 39 41 -8 0
d 17 33 27 35 1 39 41 -8 0
27 35 1 39 41 -8 0
d 33 27 35 1 39 41 -8 0
35 1 39 41 -8 0
d 27 35 1 39 41 -8 0
1 21 3 39 41 -8 0
17 18 13 3 23 28 22 16 4 34 5 -8 0
21 3 39 41 -8 0
d 1 21 3 39 41 -8 0
3 39 41 -8 0
d 21 3 39 41 -8 0
d 27 17 3 39 41 -8 0
-13 29 27 21 23 28 22 -8 0
39 41 -8 0
d 3 39 41 -8 0
d 35 1 39 41 -8 0
d -23 39 41 -8 0
-19 6 28 13 -35 -39 -8 0
28 13 -35 22 23 -39 -8 0
13 -35 22 23 -39 -8 0
d 28 13 -35 22 23 -39 -8 0
-35 22 23 -39 -8 0
d 13 -35 22 23 -39 -8 0
-13 22 23 -39 -8 0
-5 -24 28 13 35 -39 -8 0
-25 5 36 6 35 -39 -8 0
-24 28 22 23 -39 -8 0
34 17 5 -19 22 23 -39 -8 0
5 28 22 23 -39 -8 0
28 22 23 -39 -8 0
d 5 28 22 23 -39 -8 0
d -24 28 22 23 -39 -8 0
17 22 23 -39 -8 0
d 17 5 34 -19 22 23 -39 -8 0
22 23 -39 -8 0
d 17 22 23 -39 -8 0
d 28 22 23 -39 -8 0
d -13 22 23 -39 -8 0
d -35 22 23 -39 -8 0
-24 29 5 35 28 -39 -8 0
-31 29 5 -22 -39 -8 0
29 5 35 -22 -39 -8 0
-36 17 5 -22 -39 -8 0
5 35 -22 -39 -8 0
d 29 5 35 -22 -39 -8 0
-31 -5 -22 -39 -8 0
-5 -22 -39 -8 0
d -31 -5 -22 -39 -8 0
-22 -39 -8 0
d -5 -22 -39 -8 0
d 5 35 -22 -39 -8 0
d -36 17 5 -22 -39 -8 0
d -31 29 5 -22 -39 -8 0
-36 28 16 -39 -8 0
28 16 -39 -8 0
d -36 28 16 -39 -8 0
-31 16 -39 -8 0
16 -39 -8 0
d -31 16 -39 -8 0
d 28 16 -39 -8 0
-36 -39 -8 0
-39 -8 0
d -36 -39 -8 0
d 16 -39 -8 0
d -22 -39 -8 0
d -24 28 5 35 29 -39 -8 0
d 22 23 -39 -8 0
d -25 6 5 36 35 -39 -8 0
27 28 -6 4 3 36 -8 0
-25 -27 18 36 -8 0
-16 -27 -6 -8 0
-27 1 -6 4 -8 0
-28 -6 4 3 -8 0
-6 4 3 36 -8 0
d 27 28 -6 4 3 36 -8 0
-27 -1 36 -8 0
28 4 3 36 -8 0
4 3 36 -8 0
d 28 4 3 36 -8 0
d -6 4 3 36 -8 0
27 21 15 -4 -8 0
21 15 -4 36 -8 0
-21 34 36 -8 0
-4 36 -8 0
d 21 15 -4 36 -8 0
-24 -31 -3 -8 0
-31 36 -8 0
36 -8 0
d -31 36 -8 0
d -4 36 -8 0
d -21 34 36 -8 0
d 4 3 36 -8 0
d -27 -1 36 -8 0
d -25 18 -27 36 -8 0
-34 21 4 -8 0
-1 21 -8 0
-22 -3 -8 0
21 4 -8 0
d -34 21 4 -8 0
4 -8 0
d 21 4 -8 0
d -28 -6 4 3 -8 0
d 1 -6 -27 4 -8 0
-1 -8 0
d -1 21 -8 0
-21 -8 0
-8 0
-19 -15 -4 -30 0
7 11 9 12 10 0
d 7 11 9 12 8 10 0
41 37 38 40 39 0
d 41 37 42 38 40 39 0
d -40 -41 -42 0
d -1 -26 -41 -42 0
d -31 -14 -42 0
d -33 -14 -42 0
d 20 11 28 23 8 29 26 -1 -42 0
d -19 29 8 11 28 10 26 -42 0
d 20 29 23 11 5 26 3 2 8 -42 0
d -28 20 8 21 11 9 23 -42 0
d -14 34 -42 0
d -35 -13 -42 0
d -32 -13 28 4 23 22 -42 0
d -33 -13 29 28 4 5 -42 0
d -33 28 10 4 -13 -42 0
d -5 26 10 28 7 25 8 -42 0
d -13 34 -42 0
d -32 -15 -42 0
d -10 -15 19 29 23 25 -42 0
d -35 -26 22 10 -15 -42 0
d 21 5 4 22 3 -8 23 -42 0
d -35 -28 22 10 5 21 9 3 -42 0
d -31 5 3 4 28 27 29 -42 0
d -2 -15 23 22 28 29 -42 0
d -10 1 19 23 5 3 21 -42 0
d -15 34 -42 0
d 11 34 35 10 -19 8 32 -42 0
d -29 -16 34 -42 0
d -31 19 22 29 -9 28 4 -42 0
d -31 -20 5 29 4 28 -42 0
d -31 -11 19 29 28 22 4 -42 0
d -31 4 28 19 29 10 22 -42 0
d -7 3 4 5 29 27 28 -42 0
d -32 4 3 5 27 28 29 -42 0
d 11 -20 28 -3 29 10 -42 0
d -31 29 -16 -42 0
d -32 5 28 25 29 1 4 -42 0
d -33 19 -17 -42 0
d -32 -17 -42 0
d 15 -23 1 13 -42 0
d -7 13 -27 -42 0
d -27 19 13 23 17 -42 0
d -1 -29 36 -21 -8 0
d -18 -21 -8 0
d -16 -21 -8 0
d -1 41 27 33 39 29 35 -8 0
d -40 3 35 29 1 5 27 33 -8 0
d 31 35 -30 1 5 3 33 -8 0
d -21 13 -8 0
d -19 35 28 27 29 34 33 -8 0
d 41 35 21 22 5 29 39 23 -8 1 0
d -25 34 18 36 17 39 41 35 -8 13 0
d 41 23 22 39 29 17 -24 35 -8 28 13 0
d -40 -5 13 -27 34 24 -8 0
d -27 -5 -37 34 13 -8 0
d -5 41 39 -8 0
d -24 1 4 13 28 25 16 5 -8 0
d 1 4 5 17 16 13 -30 -8 0
d -34 41 39 -8 0
d -27 -23 -37 34 5 -8 0
d -37 -23 34 28 5 -8 0
d -37 23 27 -4 33 34 -8 0
d -16 -37 27 34 5 -8 0
d -18 -37 3 23 5 -8 0
d -37 17 23 34 5 -8 0
d -37 34 4 35 -27 5 -8 0
d 31 35 13 16 17 -3 34 -8 0
d -37 41 39 -8 0
d -18 3 27 28 29 4 5 -8 0
d 15 4 28 3 16 27 5 17 29 -8 0
d -13 3 23 22 4 35 5 34 -8 0
d -1 33 22 34 28 23 21 27 -8 0
d 22 4 23 16 28 3 5 17 34 27 -8 0
d -27 1 16 35 17 4 34 5 -8 0
d -31 4 5 1 17 29 28 27 16 -8 0
d 15 23 21 16 22 -36 17 -8 0
d 16 4 34 3 23 5 18 17 13 22 28 -8 0
d -13 27 22 28 23 29 21 -8 0
d 39 41 -8 0
d -19 -35 28 13 6 -39 -8 0
d -24 -5 28 13 35 -39 -8 0
d -16 -27 -6 -8 0
d 15 -4 21 27 -8 0
d -24 -31 -3 -8 0
d -22 -3 -8 0
d -2 -8 0
d -8 -14 0
d -8 -20 0
d -8 -26 0
d -8 -32 0
d -8 -38 0
d -6 -42 0
d -12 -42 0
d -18 -42 0
d -24 -42 0
d -30 -42 0
d -36 -42 0
d -41 -42 0
d 34 -42 0
d -3 -42 0
d 29 -42 0
d -13 -42 0
d -2 -42 0
d -9 -42 0
d -39 -8 0
d 36 -8 0
d 4 -8 0
d -1 -8 0
d -21 -8 0
-31 38 -15 -4 12 0
-20 -15 -4 -30 0
-15 -4 -30 21 0
-31 -14 -4 -30 21 0
-35 -14 -4 -30 21 0
41 -33 38 20 2 5 -4 1 12 26 29 28 21 0
-14 2 5 -4 1 -30 26 29 28 21 0
-19 -17 -4 -30 0
-31 38 41 11 -4 12 0
-17 -4 -30 21 0
-4 1 -30 26 29 28 13 21 0
-23 7 17 -33 4 1 -30 13 0
-37 17 -33 20 4 1 -30 13 21 0
17 38 41 -33 20 4 1 -30 13 21 0
-40 -17 9 20 -30 21 0
38 41 -33 20 4 1 -30 13 21 0
d 17 38 41 -33 20 4 1 -30 13 21 0
-38 -33 20 4 1 -30 13 21 0
-33 20 4 1 -30 13 21 0
d -38 -33 20 4 1 -30 13 21 0
d 38 41 -33 20 4 1 -30 13 21 0
d -37 17 -33 20 4 1 -30 13 21 0
-41 3 31 34 33 4 1 -30 0
-2 41 39 15 37 17 18 13 0
-9 -19 17 34 33 4 1 -30 13 0
-11 -19 17 34 33 4 1 -30 13 0
17 34 -3 41 9 -19 33 4 -30 0
34 -3 41 9 -19 33 4 -30 0
d 17 34 -3 41 9 -19 33 4 -30 0
-3 41 9 -19 33 4 -30 0
d 34 -3 41 9 -19 33 4 -30 0
-34 -2 41 9 -19 -30 0
-2 41 9 -19 33 -30 0
41 9 -19 33 4 -30 0
d -3 41 9 -19 33 4 -30 0
9 -19 33 4 -30 0
d 41 9 -19 33 4 -30 0
-41 -9 -19 4 -30 0
-34 -9 -19 4 -30 0
-9 -19 4 -30 0
d -34 -9 -19 4 -30 0
d -41 -9 -19 4 -30 0
d 17 34 -19 -9 33 4 1 -30 13 0
-19 4 -30 0
d -9 -19 4 -30 0
d 9 33 -19 4 -30 0
d -11 17 -19 34 33 4 1 -30 13 0
-33 -5 13 9 1 4 -30 0
-37 33 35 23 17 11 13 9 19 -30 0
-21 -10 37 41 17 13 18 0
-10 37 41 23 17 13 19 -30 0
-20 31 37 33 -5 13 -30 0
-15 20 31 19 37 33 -5 -30 0
-16 20 31 19 37 33 -5 -30 0
-7 37 33 -5 13 -30 0
37 33 -5 13 9 -30 0
33 -5 13 9 -30 0
d 37 33 -5 13 9 -30 0
-37 -33 -5 13 -30 0
-10 37 -5 13 -30 0
-33 -5 13 -30 0
d -37 -33 -5 13 -30 0
d 1 4 13 9 -5 -33 -30 0
-4 37 39 15 41 17 13 18 0
-38 19 -5 13 -30 0
37 -5 13 -30 0
d -10 37 -5 13 -30 0
d -7 37 33 -5 13 -30 0
d -20 31 37 33 -5 13 -30 0
-14 31 19 21 33 35 23 -30 0
-5 13 -30 0
d 37 -5 13 -30 0
d -38 19 -5 13 -30 0
d -33 -5 13 -30 0
d 33 9 13 -5 -30 0
-9 1 21 2 14 13 -30 0
-16 9 31 7 1 -20 5 -30 0
-15 1 -20 5 -30 0
-37 21 -20 14 13 -30 0
1 -17 21 -20 14 13 -30 0
-3 7 -17 37 38 12 0
-10 31 -17 37 -20 36 0
-1 -17 37 -20 -30 0
-17 37 -20 14 13 -30 0
-5 -40 32 -30 0
-40 1 17 -20 -30 0
-4 -13 -39 32 -30 0
-13 -39 1 -20 -30 0
-39 1 17 -20 -30 0
-4 15 35 11 17 -20 -30 0
-13 33 9 35 11 32 -30 0
1 17 37 -20 -30 0
-3 -41 -1 32 -30 0
-10 35 31 13 17 -20 -30 0
-41 31 13 7 17 -20 -30 0
-9 41 13 17 37 -20 18 0
-16 17 37 -20 -30 0
17 37 -20 -30 0
d -16 17 37 -20 -30 0
d 1 17 37 -20 -30 0
37 -20 -30 0
d 17 37 -20 -30 0
d -17 13 -20 14 37 -30 0
d -1 -17 37 -20 -30 0
-20 -30 0
d 37 -20 -30 0
d -41 17 13 7 31 -20 -30 0
d -10 35 31 13 17 -20 -30 0
d 35 17 15 11 -4 -20 -30 0
d -39 17 1 -20 -30 0
d -13 -39 1 -20 -30 0
d -40 17 1 -20 -30 0
d 1 21 -17 -20 14 13 -30 0
-4 -17 7 -30 0
-9 32 -37 -17 -30 0
32 -37 -17 7 -30 0
-37 -17 7 -30 0
d 32 -37 -17 7 -30 0
-10 37 4 41 35 23 5 -30 0
-17 7 -30 0
d -37 -17 7 -30 0
d -4 -17 7 -30 0
-1 -22 32 37 -9 17 -30 0
-22 32 2 37 -9 17 -30 0
-4 -23 32 37 -9 17 -30 0
-23 32 2 37 -9 17 -30 0
32 2 37 -9 17 -30 0
d -23 32 2 37 -9 17 -30 0
d -22 32 2 37 -9 17 -30 0
-19 14 2 -9 -30 0
-22 31 1 38 37 -9 -30 0
1 38 14 2 37 -9 -30 0
2 37 -9 17 -30 0
d 32 2 37 -9 17 -30 0
-1 19 37 -9 17 -30 0
13 19 37 -9 17 -30 0
19 37 -9 17 -30 0
d 13 19 37 -9 17 -30 0
d -1 19 37 -9 17 -30 0
37 -9 17 -30 0
d 19 37 -9 17 -30 0
d 2 37 -9 17 -30 0
d -4 -23 32 37 -9 17 -30 0
d -1 -22 32 37 -9 17 -30 0
-2 -9 17 -30 0
-9 17 -30 0
d -2 -9 17 -30 0
d 37 -9 17 -30 0
-35 21 -14 7 -30 0
-34 21 7 -30 0
-23 37 39 38 9 7 12 0
4 -33 21 38 13 7 -30 0
-33 21 38 13 7 -30 0
d 4 -33 21 38 13 7 -30 0
21 -14 2 13 7 -30 0
37 -11 39 33 15 3 38 32 2 13 17 -30 0
-11 39 33 15 3 38 32 2 13 17 -30 0
d 37 -11 39 33 15 3 38 32 2 13 17 -30 0
-14 2 13 7 -30 0
d 21 -14 2 13 7 -30 0
-10 33 2 13 7 -30 0
21 32 33 2 13 7 -30 0
32 39 37 33 2 13 7 -30 0
-40 23 14 13 17 -30 0
13 4 -21 38 14 7 -30 0
-16 37 31 1 4 -21 38 -30 0
-40 32 31 33 7 -30 0
32 -13 -21 38 7 -30 0
4 -21 38 14 7 -30 0
d 13 4 -21 38 14 7 -30 0
-21 38 14 7 -30 0
d 4 -21 38 14 7 -30 0
39 -13 21 38 -30 0
-41 33 3 34 31 19 1 21 -30 0
-22 33 3 34 31 7 1 -30 0
-13 21 38 -30 0
d 39 -13 21 38 -30 0
-10 7 -39 13 -30 0
-2 7 -39 13 21 -30 0
7 -39 13 21 -30 0
d -2 7 -39 13 21 -30 0
-4 -39 13 21 -30 0
-16 32 31 19 33 21 -30 0
-39 13 21 -30 0
d -4 -39 13 21 -30 0
d 7 -39 13 21 -30 0
-17 21 38 -30 0
-7 33 3 34 19 40 21 38 -30 0
19 23 -2 21 38 -30 0
23 -2 21 38 -30 0
d 19 23 -2 21 38 -30 0
-19 -2 21 38 -30 0
7 -2 21 38 -30 0
-2 21 38 -30 0
d 7 -2 21 38 -30 0
d -19 -2 21 38 -30 0
d 23 -2 21 38 -30 0
-23 33 -7 21 38 -30 0
33 -7 21 38 -30 0
d -23 33 -7 21 38 -30 0
d 3 34 -7 33 19 40 21 38 -30 0
-7 21 38 -30 0
d 33 -7 21 38 -30 0
21 38 -30 0
d -7 21 38 -30 0
d -2 21 38 -30 0
d -17 21 38 -30 0
d -13 21 38 -30 0
7 38 -30 0
-4 38 -30 0
38 -30 0
d -4 38 -30 0
d 7 38 -30 0
d 21 38 -30 0
-17 -7 33 5 -30 0
-3 -7 33 13 -30 0
-15 -4 -30 0
-7 33 13 -30 0
d -3 -7 33 13 -30 0
-37 35 3 33 5 -30 0
33 13 -30 0
d -7 33 13 -30 0
7 13 -30 0
13 -30 0
d 7 13 -30 0
d 33 13 -30 0
-4 21 -30 0
-11 21 -30 0
21 -30 0
d -11 21 -30 0
d -4 21 -30 0
-5 -30 0
-30 0
-21 -13 -11 -4 0
-13 32 33 -11 -4 0
-25 15 21 32 33 -11 -4 0
-39 21 32 33 -11 -4 0
-26 21 32 33 -11 -4 0
-25 20 21 32 33 -11 -4 0
20 21 32 33 -11 -4 0
d -25 20 21 32 33 -11 -4 0
21 32 33 -11 -4 0
d 20 21 32 33 -11 -4 0
d -26 21 32 33 -11 -4 0
d -39 21 32 33 -11 -4 0
d -25 15 21 32 33 -11 -4 0
-25 32 33 -11 -4 0
32 33 -11 -4 0
d -25 32 33 -11 -4 0
d 21 32 33 -11 -4 0
d -13 32 33 -11 -4 0
-25 -32 -11 -4 0
-32 -11 -4 0
d -25 -32 -11 -4 0
-25 -11 -4 0
-11 -4 0
d -25 -11 -4 0
d -32 -11 -4 0
d 32 33 -11 -4 0
d -21 -13 -11 -4 0
-18 -37 -26 -4 0
-15 -37 -26 -4 0
21 -37 -26 -4 0
-37 -26 -4 0
d 21 -37 -26 -4 0
d -15 -37 -26 -4 0
d -18 -37 -26 -4 0
-12 -21 -41 -26 -4 0
-21 -41 -26 -4 0
d -12 -21 -41 -26 -4 0
-7 33 -41 -26 -4 0
-12 33 -41 -26 -4 0
-31 15 -41 -26 -4 0
33 -41 -26 -4 0
d -12 33 -41 -26 -4 0
d -7 33 -41 -26 -4 0
-19 15 9 17 14 -4 0
-41 -26 -4 0
d 33 -41 -26 -4 0
d -31 15 -41 -26 -4 0
d -21 -41 -26 -4 0
-13 19 -26 -4 0
-12 19 -26 -4 0
-23 19 -26 -4 0
19 -26 -4 0
d -23 19 -26 -4 0
d -12 19 -26 -4 0
d -13 19 -26 -4 0
-26 -4 0
d 19 -26 -4 0
d -41 -26 -4 0
d -37 -26 -4 0
-17 -19 -4 0
-36 -19 -4 0
-35 -19 -4 0
-15 38 -19 -4 0
-32 -19 -4 0
-19 -4 0
d -32 -19 -4 0
d -15 38 -19 -4 0
d -35 -19 -4 0
d -36 -19 -4 0
d -17 -19 -4 0
d 15 14 9 -19 17 -4 0
-33 15 23 -38 17 -4 0
-13 9 33 35 32 -4 0
9 33 15 35 14 32 17 -4 0
15 -29 -38 32 17 -4 0
-29 -38 32 17 -4 0
d 15 -29 -38 32 17 -4 0
-15 29 20 32 -4 0
-24 9 15 14 17 -4 0
9 33 -38 32 17 -4 0
33 -38 32 17 -4 0
d 9 33 -38 32 17 -4 0
-38 32 17 -4 0
d 33 -38 32 17 -4 0
d -29 -38 32 17 -4 0
-25 -39 32 17 -4 0
-39 41 32 17 -4 0
-12 15 -29 -37 32 17 -4 0
15 -29 -37 32 17 -4 0
d -12 15 -29 -37 32 17 -4 0
-29 -37 32 17 -4 0
d 15 -29 -37 32 17 -4 0
-37 32 17 -4 0
d -29 -37 32 17 -4 0
41 32 17 -4 0
d -39 41 32 17 -4 0
-12 20 33 29 35 23 32 -4 0
33 9 15 29 32 17 -4 0
9 15 29 32 17 -4 0
d 33 9 15 29 32 17 -4 0
15 29 32 17 -4 0
d 9 15 29 32 17 -4 0
29 32 17 -4 0
d 15 29 32 17 -4 0
32 17 -4 0
d 29 32 17 -4 0
d 41 32 17 -4 0
d -37 32 17 -4 0
d -25 -39 32 17 -4 0
d -38 32 17 -4 0
d 14 33 15 9 35 32 17 -4 0
-39 23 17 -4 0
-18 7 23 20 -4 0
-29 17 -4 0
-15 17 -4 0
23 24 17 -4 0
-21 41 17 -4 0
-25 9 17 -4 0
9 17 -4 0
d -25 9 17 -4 0
17 -4 0
d 9 17 -4 0
d -21 41 17 -4 0
d 23 24 17 -4 0
d -15 17 -4 0
d -29 17 -4 0
d -39 23 17 -4 0
d 32 17 -4 0
-9 -25 -4 0
-38 -12 -4 0
-25 -4 0
d -9 -25 -4 0
-37 -4 0
-4 0
-27 16 13 1 -24 -38 0
-7 35 33 -24 -38 0
-25 17 5 16 -24 -38 0
-34 7 -24 -38 9 0
-27 13 1 7 -24 -38 9 0
-28 13 1 7 -24 -38 9 0
35 33 -24 -38 9 0
-25 -35 -24 -38 9 0
-27 -35 -24 -38 9 0
-35 -24 -38 9 0
d -27 -35 -24 -38 9 0
d -25 -35 -24 -38 9 0
-1 -28 15 18 12 14 9 0
-28 -24 -38 9 0
d 13 7 -28 1 -24 -38 9 0
-25 -24 -38 9 0
-24 -38 9 0
d -25 -24 -38 9 0
d -28 -24 -38 9 0
d -35 -24 -38 9 0
d 35 33 -24 -38 9 0
d 13 1 -27 7 -24 -38 9 0
d -34 7 -24 -38 9 0
-1 36 -16 28 24 32 26 20 23 0
-12 5 -16 28 24 32 26 20 2 23 0
-7 5 -16 28 24 32 26 20 2 23 0
27 -6 -11 -16 28 -38 23 0
-6 -11 -16 28 -38 23 0
d 27 -6 -11 -16 28 -38 23 0
-1 29 22 28 24 26 20 23 0
5 -16 28 -38 23 9 0
-3 29 22 28 24 26 20 23 0
-25 35 11 34 22 10 -38 23 9 0
-16 28 -38 23 9 0
d 5 -16 28 -38 23 9 0
-19 -27 -5 16 -38 9 0
-7 34 33 15 -5 16 -38 0
-27 -5 16 -38 23 9 0
-22 31 13 7 35 17 11 16 -38 9 0
-5 28 -38 23 9 0
-15 6 22 5 24 20 2 23 0
-13 6 22 5 24 20 2 23 0
-36 22 5 16 28 24 26 20 14 2 23 0
-31 22 5 16 28 24 26 20 14 2 23 0
-15 -6 29 22 28 -38 23 0
-35 22 5 16 28 24 -38 23 0
-33 22 5 16 28 24 26 20 14 2 23 0
-7 22 5 16 28 24 26 20 14 2 23 0
-12 22 5 16 28 24 26 20 14 2 23 0
22 28 -38 23 9 0
-6 -13 34 10 28 -38 9 0
-13 34 10 5 28 -38 9 0
-29 36 12 33 -22 32 9 0
-3 17 13 -22 16 28 -38 9 0
-31 29 3 17 13 5 16 28 -38 0
-33 29 3 17 13 5 16 28 -38 0
-36 29 3 17 13 5 16 28 -38 0
-25 11 3 10 5 2 9 0
29 3 17 34 10 5 16 28 -38 9 0
-27 -29 17 13 -22 16 -38 9 0
12 -29 3 17 13 -22 5 16 -38 9 0
17 -22 5 16 28 -38 9 0
-12 33 3 35 34 5 -38 0
3 35 29 11 34 10 5 28 -38 9 0
28 -38 23 9 0
d 22 28 -38 23 9 0
-17 31 7 33 34 10 32 9 0
-3 -38 23 9 0
-35 12 17 -38 23 9 0
-7 35 17 34 22 16 24 32 20 14 23 0
-18 33 5 35 3 34 32 2 0
-21 5 35 17 3 34 22 16 24 32 20 14 2 23 0
12 17 -38 23 9 0
d -35 12 17 -38 23 9 0
5 18 6 17 22 16 24 20 14 2 23 0
-15 35 36 34 22 24 32 20 23 0
35 36 18 17 34 22 16 24 32 20 14 23 0
17 -38 23 9 0
d 12 17 -38 23 9 0
-12 35 5 3 34 22 24 -38 23 0
-38 23 9 0
d 17 -38 23 9 0
d -3 -38 23 9 0
d 28 -38 23 9 0
-28 24 20 22 12 -17 23 9 0
10 -21 36 2 34 28 12 -17 9 0
-21 36 2 34 28 12 -17 38 9 0
-6 2 34 24 20 22 12 -17 23 9 0
-19 6 2 12 -17 38 0
2 34 24 20 22 12 -17 23 9 0
d -6 2 34 24 20 22 12 -17 23 9 0
-25 39 12 -17 38 9 0
-21 24 20 22 12 -17 23 9 0
24 20 22 12 -17 23 9 0
d -21 24 20 22 12 -17 23 9 0
d 2 34 24 20 22 12 -17 23 9 0
d -28 24 20 22 12 -17 23 9 0
20 26 33 27 34 28 22 3 21 12 -17 23 9 0
26 7 37 21 12 -17 23 9 0
7 37 21 12 -17 23 9 0
d 26 7 37 21 12 -17 23 9 0
-10 25 1 37 21 -17 38 23 0
-24 -26 31 1 37 -17 38 0
-26 31 1 37 12 -17 23 9 0
-22 26 25 37 -17 38 0
-24 34 33 3 -7 -17 0
-39 22 26 -7 -17 23 0
26 -7 37 -17 38 23 0
-7 37 -17 23 9 0
-3 39 -22 7 -17 0
-1 39 -22 -17 0
-38 33 27 36 -22 -17 0
-6 39 -22 7 -17 0
39 -22 7 -17 0
d -6 39 -22 7 -17 0
d -3 39 -22 7 -17 0
-37 -39 -22 -17 0
-26 -39 -22 -17 0
-39 -22 -17 0
d -26 -39 -22 -17 0
d -37 -39 -22 -17 0
-22 -17 0
d -39 -22 -17 0
d 39 7 -22 -17 0
d 33 36 27 -38 -22 -17 0
d -1 39 -22 -17 0
d 26 38 -22 37 -17 25 0
-7 -9 26 -17 0
-19 -38 -9 26 -17 0
-38 -9 26 -17 0
d -19 -38 -9 26 -17 0
20 -40 -9 26 -17 0
-40 -9 26 -17 0
d 20 -40 -9 26 -17 0
-20 34 31 1 33 3 -17 0
-9 26 39 -17 0
-28 20 33 9 39 -17 0
-3 28 20 26 39 -17 0
-24 2 34 3 28 33 9 -17 0
2 34 3 28 20 33 9 26 -17 0
24 32 34 28 20 33 9 26 -17 0
34 20 33 26 39 -17 0
20 33 26 39 -17 0
d 34 20 33 26 39 -17 0
-37 6 28 2 26 -17 0
6 28 33 26 39 -17 0
37 21 12 9 -17 0
28 33 26 39 -17 0
d 6 28 33 26 39 -17 0
33 26 39 -17 0
d 28 33 26 39 -17 0
d 20 33 26 39 -17 0
-37 27 21 3 9 26 -17 0
26 39 -17 0
d 33 26 39 -17 0
d -3 28 20 26 39 -17 0
d -9 26 39 -17 0
-33 -12 -26 -17 0
9 34 10 37 -26 -17 0
37 39 -17 0
-9 39 -17 0
21 39 -17 0
39 -17 0
d 21 39 -17 0
d -9 39 -17 0
d 37 39 -17 0
d 26 39 -17 0
d -28 33 20 9 39 -17 0
24 2 20 -17 0
2 20 -17 0
d 24 2 20 -17 0
d 26 28 33 2 3 20 34 9 -17 0
20 -17 0
d 2 20 -17 0
d 28 34 26 32 24 20 9 33 -17 0
-17 0
-34 -39 -12 3 -20 0
-29 -39 -12 3 -20 0
-25 -39 -12 3 -20 0
-39 -12 3 -20 0
d -25 -39 -12 3 -20 0
d -29 -39 -12 3 -20 0
d -34 -39 -12 3 -20 0
-31 -40 29 18 -20 0
-5 29 34 37 39 36 18 -20 0
-33 25 13 29 18 -20 0
29 34 37 -12 3 -20 0
34 37 -12 3 -20 0
d 29 34 37 -12 3 -20 0
37 -12 3 -20 9 0
-12 3 -20 9 0
d 37 -12 3 -20 9 0
-34 -15 29 12 -20 9 0
-41 31 1 34 33 3 -20 0
-25 37 1 34 39 33 3 -20 9 0
37 1 -15 29 3 -20 9 0
1 -15 29 3 -20 9 0
d 37 1 -15 29 3 -20 9 0
-15 29 3 -20 9 0
d 1 -15 29 3 -20 9 0
-28 -13 3 -20 9 0
-11 39 33 37 31 1 3 -20 0
-13 29 3 -20 9 0
-10 -5 37 36 29 -20 0
-39 31 25 35 36 29 -20 0
-5 37 36 29 12 -20 9 0
-28 39 7 37 12 38 9 0
-35 39 7 37 12 38 9 0
39 37 -18 29 3 -20 9 0
37 -18 29 3 -20 9 0
d 39 37 -18 29 3 -20 9 0
-18 29 3 -20 9 0
d 37 -18 29 3 -20 9 0
-37 -11 34 18 13 29 3 -20 0
-11 40 34 28 18 13 29 3 -20 0
29 3 -20 9 0
d -18 29 3 -20 9 0
d -13 29 3 -20 9 0
d -15 29 3 -20 9 0
-16 36 37 31 -29 -20 0
-7 -29 3 -20 0
-39 34 16 35 5 3 -20 0
3 -20 9 0
d 29 3 -20 9 0
d -28 -13 3 -20 9 0
-18 -29 -37 -20 9 0
-29 -37 -20 9 0
d -18 -29 -37 -20 9 0
-37 -20 9 0
d -29 -37 -20 9 0
-35 16 29 -20 9 0
-36 16 29 -20 9 0
-34 16 29 -20 9 0
16 29 -20 9 0
d -34 16 29 -20 9 0
d -36 16 29 -20 9 0
d -35 16 29 -20 9 0
29 -20 9 0
d 16 29 -20 9 0
d -5 12 37 29 36 -20 9 0
-12 34 16 35 33 15 32 14 0
-20 9 0
d 29 -20 9 0
d -37 -20 9 0
d 3 -20 9 0
22 32 -36 34 -7 16 -29 20 0
-39 -36 -7 16 5 0
-36 34 -7 16 38 -29 20 0
-24 -32 -7 16 5 0
-3 24 -7 38 41 23 20 0
-32 -7 16 38 41 23 5 20 0
-33 -7 38 41 23 5 20 0
-24 3 33 32 37 31 13 1 16 38 41 35 5 0
-39 24 12 -7 16 -29 9 0
-40 33 32 -7 16 -29 20 0
-7 16 38 -29 20 0
d -36 34 -7 16 38 -29 20 0
-34 -39 16 -29 9 0
22 -31 34 33 21 15 3 32 16 -29 20 0
36 -39 32 16 -29 9 0
-39 32 16 -29 9 0
d 36 -39 32 16 -29 9 0
-36 -37 16 -29 9 0
-21 3 -37 32 16 -29 9 0
3 22 -37 32 16 -29 9 0
22 -37 32 16 -29 9 0
d 3 22 -37 32 16 -29 9 0
-37 32 16 -29 9 0
d 22 -37 32 16 -29 9 0
d -21 3 -37 32 16 -29 9 0
-1 36 24 34 22 32 -29 20 0
32 16 -29 9 0
d -37 32 16 -29 9 0
d -39 32 16 -29 9 0
-40 16 -29 9 0
-3 16 -29 9 0
-19 3 40 14 2 16 38 41 5 0
-21 3 40 14 2 16 38 41 5 0
-24 3 40 14 2 16 38 41 5 0
16 -29 9 0
d -3 16 -29 9 0
d -40 16 -29 9 0
d 32 16 -29 9 0
d -36 -37 16 -29 9 0
d -34 -39 16 -29 9 0
d 24 12 -39 -7 16 -29 9 0
-19 3 -29 9 0
3 24 -29 9 0
24 -29 9 0
d 3 24 -29 9 0
-29 9 0
d 24 -29 9 0
d -19 3 -29 9 0
d 16 -29 9 0
-32 -1 -39 -24 9 0
-16 32 31 7 33 -24 9 0
-1 -39 -24 9 0
d -32 -1 -39 -24 9 0
-31 -2 -39 18 29 0
7 -2 -39 -24 9 0
-2 -39 -24 9 0
d 7 -2 -39 -24 9 0
-16 35 11 33 27 -24 9 0
-26 16 35 11 33 15 -24 9 0
-10 26 16 35 33 27 15 -24 29 0
-39 3 -24 9 0
-27 34 22 16 -37 35 18 23 20 0
-5 39 -24 23 40 9 0
-26 16 5 3 -24 38 40 9 0
-31 26 16 5 3 -24 38 9 0
-25 33 35 32 31 16 5 3 -24 38 9 0
-13 10 39 12 38 40 9 0
33 35 32 16 5 3 -24 38 40 9 0
-1 27 26 39 12 38 9 0
-33 26 16 5 3 -24 38 9 0
-35 16 5 3 -24 38 40 9 0
16 5 3 -24 38 40 9 0
d -35 16 5 3 -24 38 40 9 0
d 35 32 33 16 5 3 -24 38 40 9 0
d -26 16 5 3 -24 38 40 9 0
-1 10 39 12 38 40 9 0
7 33 32 -16 39 -24 38 40 9 0
33 32 -16 39 -24 38 40 9 0
d 7 33 32 -16 39 -24 38 40 9 0
-25 10 39 12 38 40 9 0
3 -24 23 40 9 0
-3 -16 39 -24 9 0
-16 39 -24 9 0
d -3 -16 39 -24 9 0
d 32 33 -16 39 -24 38 40 9 0
-23 40 39 -24 9 0
-37 28 -3 16 18 29 0
35 11 -10 -3 16 -24 9 0
-10 40 39 -24 9 0
37 40 39 -24 9 0
40 39 -24 9 0
d 37 40 39 -24 9 0
d -10 40 39 -24 9 0
d -23 40 39 -24 9 0
-37 39 -24 9 0
26 3 5 35 39 -24 9 0
3 5 35 39 -24 9 0
d 26 3 5 35 39 -24 9 0
-26 -3 35 34 16 -24 0
-3 35 34 28 16 -24 29 0
-27 31 13 35 34 16 -24 0
35 39 -24 9 0
d 3 5 35 39 -24 9 0
-26 13 1 5 16 -24 0
39 -24 9 0
d 35 39 -24 9 0
d -37 39 -24 9 0
d 40 39 -24 9 0
d -16 39 -24 9 0
-24 9 0
d 39 -24 9 0
d 35 11 -10 -3 16 -24 9 0
d 3 23 -24 40 9 0
-7 26 23 -39 9 0
-28 2 7 -35 -39 9 0
2 26 -35 -39 9 0
26 18 16 -35 -39 9 0
18 16 -35 -39 9 0
d 26 18 16 -35 -39 9 0
-1 12 -35 21 9 0
-18 -35 -39 9 0
-35 -39 9 0
d -18 -35 -39 9 0
d 18 16 -35 -39 9 0
d 2 26 -35 -39 9 0
d -28 7 2 -35 -39 9 0
-10 -6 18 13 22 23 35 33 21 15 20 0
-14 -6 22 23 -39 9 0
-6 18 22 23 -39 9 0
-16 11 -19 -39 9 0
18 2 22 23 -39 9 0
2 22 23 -39 9 0
d 18 2 22 23 -39 9 0
22 23 -39 9 0
d 2 22 23 -39 9 0
d -6 18 22 23 -39 9 0
d -14 -6 22 23 -39 9 0
26 32 23 -39 9 0
-25 14 32 -22 35 33 15 0
-36 12 14 2 -22 -39 9 0
32 23 -39 9 0
d 26 32 23 -39 9 0
23 -39 9 0
d 32 23 -39 9 0
d 22 23 -39 9 0
d -7 26 23 -39 9 0
-18 -32 -39 9 0
-10 18 26 14 -39 29 0
-32 -39 9 0
d -18 -32 -39 9 0
14 -28 10 18 -39 9 0
-13 2 34 32 5 35 33 3 0
-6 34 10 -39 9 0
-28 10 18 -39 9 0
d 14 -28 10 18 -39 9 0
10 18 26 -39 9 0
18 26 -39 9 0
d 10 18 26 -39 9 0
-25 -18 -39 9 0
26 -39 9 0
d 18 26 -39 9 0
-28 -39 9 0
d 10 18 -28 -39 9 0
34 -39 9 0
d -6 10 34 -39 9 0
-13 -39 9 0
-39 9 0
d -13 -39 9 0
d 34 -39 9 0
d -28 -39 9 0
d 26 -39 9 0
d -25 -18 -39 9 0
d -32 -39 9 0
d 23 -39 9 0
d -36 12 14 2 -22 -39 9 0
3 5 2 -18 10 9 0
-1 23 21 12 10 9 0
-22 -11 -3 -18 10 9 0
7 -3 -18 10 9 0
-11 -3 -18 10 9 0
d -22 -11 -3 -18 10 9 0
-40 35 31 25 33 27 36 29 0
-23 37 31 25 33 27 36 9 0
-3 -18 10 9 0
d -11 -3 -18 10 9 0
d 7 -3 -18 10 9 0
-5 -18 10 9 0
-34 -7 23 26 9 0
-33 -7 23 26 9 0
-7 23 38 32 26 36 9 0
-34 23 -18 10 9 0
-31 41 7 23 38 26 12 9 0
-28 21 7 23 38 12 9 0
23 -18 10 9 0
d -34 23 -18 10 9 0
-18 10 9 0
d 23 -18 10 9 0
d -5 -18 10 9 0
d -3 -18 10 9 0
d 5 2 3 -18 10 9 0
-37 16 -33 -23 10 9 0
-28 -33 -23 10 9 0
-1 -26 15 41 18 39 0
-26 -33 -23 10 9 0
-33 -23 10 9 0
d -26 -33 -23 10 9 0
d -28 -33 -23 10 9 0
d -37 16 -33 -23 10 9 0
-25 34 32 -23 10 9 0
-2 37 28 -23 10 9 0
-7 -40 -27 2 33 35 5 18 0
-40 -27 2 -23 10 9 0
-27 37 28 -23 10 9 0
-12 34 16 32 14 25 27 2 37 33 -23 9 0
25 37 28 -23 10 9 0
-40 15 -25 -23 10 9 0
37 28 -23 10 9 0
d 25 37 28 -23 10 9 0
d -27 37 28 -23 10 9 0
d -2 37 28 -23 10 9 0
16 6 -37 28 5 18 29 0
28 -23 10 9 0
d 37 28 -23 10 9 0
-37 -23 10 9 0
15 -23 10 9 0
d -40 15 -25 -23 10 9 0
-23 10 9 0
d 15 -23 10 9 0
d -37 -23 10 9 0
d 28 -23 10 9 0
d -40 -27 2 -23 10 9 0
d 32 -25 34 -23 10 9 0
d -33 -23 10 9 0
-15 6 -7 3 23 9 0
-40 15 -7 10 9 0
6 -7 3 10 9 0
-33 14 19 13 10 9 0
-7 32 3 34 10 9 0
-6 -15 41 35 32 34 23 9 0
-15 32 12 3 34 10 9 0
-22 15 41 35 5 32 12 34 10 9 0
-37 36 22 35 32 34 23 9 0
36 22 7 32 12 34 10 9 0
21 37 6 22 15 41 5 12 3 10 9 0
-2 27 37 28 15 41 18 9 0
-40 6 22 15 41 5 12 3 10 9 0
32 12 3 34 10 9 0
d -15 32 12 3 34 10 9 0
-1 15 26 14 12 10 9 0
6 1 2 12 3 10 9 0
-5 15 12 10 9 0
11 15 26 14 2 12 3 10 9 0
-7 41 15 10 9 0
40 41 15 26 14 12 10 9 0
15 26 14 2 12 3 10 9 0
d 11 15 26 14 2 12 3 10 9 0
-40 -6 27 21 26 23 9 0
12 3 34 10 9 0
d 32 12 3 34 10 9 0
-28 -32 40 21 6 10 9 0
-32 40 -15 6 3 10 9 0
-41 2 32 33 36 6 3 34 0
2 32 40 33 36 6 3 34 38 39 0
-25 32 40 33 36 34 38 39 0
40 -15 3 34 10 9 0
-15 3 34 10 9 0
d 40 -15 3 34 10 9 0
-26 5 6 -40 10 9 0
-35 3 6 -40 15 10 9 0
-2 35 36 -40 10 9 0
14 35 36 -40 15 10 9 0
-27 32 35 36 -40 23 9 0
3 6 -40 15 10 9 0
d -35 3 6 -40 15 10 9 0
-3 -40 15 10 9 0
-40 15 10 9 0
d -3 -40 15 10 9 0
d 3 6 -40 15 10 9 0
d 14 35 36 -40 15 10 9 0
-34 15 12 40 10 9 0
-19 12 40 10 9 0
15 12 40 10 9 0
d -34 15 12 40 10 9 0
12 40 10 9 0
d 15 12 40 10 9 0
d -19 12 40 10 9 0
-15 34 10 9 0
d 3 -15 34 10 9 0
-14 3 -22 36 6 40 38 9 0
3 -22 40 10 9 0
14 35 33 27 -12 15 18 34 28 16 29 0
-22 9 0
d 3 -22 40 10 9 0
d -14 3 -22 36 6 40 38 9 0
-14 36 40 34 -3 9 0
2 1 6 3 5 0
d 2 1 6 3 4 5 0
13 16 18 15 14 0
d 13 16 18 17 15 14 0
25 28 29 26 27 0
d 25 28 30 29 26 27 0
d -15 -19 -4 -30 0
d -31 -15 38 -4 12 0
d -15 -20 -4 -30 0
d -15 21 -30 -4 0
d -31 -14 -4 -30 21 0
d -35 -14 -4 -30 21 0
d 12 -33 38 20 -4 26 28 1 41 29 2 5 21 0
d 21 -14 5 26 29 -30 -4 1 2 28 0
d -19 -17 -4 -30 0
d -31 12 -4 11 38 41 0
d -17 21 -30 -4 0
d 26 21 -30 1 -4 28 29 13 0
d -23 -33 7 17 13 1 -30 4 0
d -40 21 9 20 -30 -17 0
d 13 1 20 -33 -30 4 21 0
d -41 3 31 4 34 33 1 -30 0
37 -2 15 41 18 39 13 0
d 37 -2 15 17 41 18 39 13 0
d -19 -34 41 -2 9 -30 0
d -2 33 9 -19 41 -30 0
d -19 4 -30 0
d 9 33 13 11 -37 17 19 23 35 -30 0
-21 41 18 -10 13 37 0
d -21 41 18 17 -10 13 37 0
d -10 17 37 23 13 41 19 -30 0
d -5 -15 20 19 37 33 31 -30 0
d -16 -5 31 19 20 37 33 -30 0
d 39 17 18 37 -4 15 41 13 0
d 21 -14 31 19 33 35 23 -30 0
d -5 13 -30 0
d -9 21 2 1 14 13 -30 0
d -16 -20 31 7 1 9 5 -30 0
d -15 -20 1 5 -30 0
d -37 -20 21 14 13 -30 0
d 12 37 -3 -17 38 7 0
d -10 31 -17 37 -20 36 0
d -5 -40 32 -30 0
d -39 -13 32 -4 -30 0
d 33 -13 9 11 32 35 -30 0
d -1 -41 -3 32 -30 0
-20 18 41 -9 13 37 0
d -20 18 41 17 -9 13 37 0
d -9 -17 -37 32 -30 0
d -10 41 5 37 4 23 35 -30 0
d -17 7 -30 0
d -19 -9 2 14 -30 0
d -9 37 1 31 38 -22 -30 0
d -9 37 14 1 2 38 -30 0
d -9 17 -30 0
d -14 21 -35 7 -30 0
d -34 7 21 -30 0
d 7 38 -33 21 13 -30 0
d 38 15 33 17 39 -11 2 3 13 32 -30 0
d -14 7 2 13 -30 0
d -10 13 7 33 2 -30 0
d 21 7 2 32 33 13 -30 0
d 37 13 39 7 2 33 32 -30 0
d -40 17 14 23 13 -30 0
d -16 38 31 1 37 -21 4 -30 0
d -40 31 7 33 32 -30 0
d -21 38 32 -13 7 -30 0
d 38 14 7 -21 -30 0
d -41 21 31 33 3 19 1 34 -30 0
d -22 34 7 33 31 1 3 -30 0
d -39 13 7 -10 -30 0
d -16 33 32 19 31 21 -30 0
d -39 21 13 -30 0
d 5 -7 33 -17 -30 0
d -15 -4 -30 0
d -37 33 35 3 5 -30 0
d -33 17 23 15 -38 -4 0
d -13 32 35 33 9 -4 0
d -15 29 20 32 -4 0
d -24 17 14 15 9 -4 0
d 29 33 20 32 -12 23 35 -4 0
d -18 7 23 20 -4 0
d -38 -12 -4 0
-25 -24 5 16 -38 0
d -25 -24 5 16 17 -38 0
-38 11 13 35 7 31 -22 16 9 0
d -38 11 17 13 35 7 31 -22 16 9 0
-38 13 -3 -22 16 28 9 0
d -38 13 -3 17 -22 16 28 9 0
-31 13 29 3 5 16 28 -38 0
d -31 13 29 3 17 5 16 28 -38 0
-33 -38 29 3 5 13 16 28 0
d -33 -38 29 3 17 5 13 16 28 0
-36 -38 29 13 5 28 3 16 0
d -36 -38 29 13 17 5 28 3 16 0
-38 3 34 28 10 16 5 29 9 0
d -38 3 34 28 10 17 16 5 29 9 0
-27 -38 -29 13 16 -22 9 0
d -27 -38 17 -29 13 16 -22 9 0
16 -38 3 12 -29 5 13 -22 9 0
d 16 -38 3 17 12 -29 5 13 -22 9 0
-38 5 -22 28 16 9 0
d -38 5 17 -22 28 16 9 0
d 10 7 -17 33 32 34 31 9 0
35 -7 24 23 16 34 22 20 32 14 0
d 35 -7 17 24 23 16 34 22 20 32 14 0
-21 32 14 5 35 22 16 34 24 20 3 2 23 0
d -21 32 14 17 5 35 22 16 34 24 20 3 2 23 0
2 23 14 5 18 16 20 6 24 22 0
d 2 23 14 17 5 18 16 20 6 24 22 0
35 16 36 23 34 18 14 22 20 24 32 0
d 35 16 36 17 23 34 18 14 22 20 24 32 0
d 10 -21 34 2 36 28 12 -17 9 0
d 34 -21 2 36 28 12 -17 38 9 0
d -19 6 2 12 -17 38 0
d -25 39 12 -17 9 38 0
d 24 12 22 20 -17 23 9 0
d 28 22 27 9 33 26 12 34 21 20 -17 23 3 0
d 12 37 9 21 -17 23 7 0
d -10 1 21 37 25 -17 38 23 0
d 31 -24 -26 1 37 -17 38 0
d -26 12 1 9 37 -17 23 31 0
d -24 3 34 -7 33 -17 0
d -7 -39 22 26 -17 23 0
d -7 23 38 -17 26 37 0
d -7 37 -17 23 9 0
d -7 -9 26 -17 0
d -38 -9 26 -17 0
d -40 -9 26 -17 0
d 1 31 -20 34 33 3 -17 0
d 34 -24 2 3 28 33 9 -17 0
d 28 -37 6 2 26 -17 0
d 12 37 21 9 -17 0
d -37 27 26 3 9 21 -17 0
d -33 -26 -12 -17 0
d 10 -26 9 37 34 -17 0
d -4 -10 0
d -4 -16 0
d -4 -22 0
d -4 -28 0
d -4 -34 0
d -4 -40 0
d -5 -17 0
d -11 -17 0
d -17 -23 0
d -17 -29 0
d -17 -35 0
d -17 -41 0
d -6 -30 0
d -12 -30 0
d -18 -30 0
d -24 -30 0
d -30 -36 0
d -20 -30 0
d 38 -30 0
d 13 -30 0
d 21 -30 0
d -5 -30 0
d -11 -4 0
d -26 -4 0
d -19 -4 0
d 17 -4 0
d -25 -4 0
d -37 -4 0
d -22 -17 0
d 39 -17 0
d 20 -17 0
-28 14 18 -3 9 0
-23 14 -12 34 -3 9 0
-12 40 34 -3 9 0
23 36 40 34 -3 9 0
-26 41 35 36 40 34 33 39 0
36 40 34 -3 9 0
d 23 36 40 34 -3 9 0
-13 37 28 12 -3 9 0
40 34 -3 9 0
d 36 40 34 -3 9 0
d -12 40 34 -3 9 0
-40 15 9 0
-3 9 0
d 40 34 -3 9 0
d -13 37 28 12 -3 9 0
d -23 14 -12 34 -3 9 0
d -28 14 18 -3 9 0
-26 15 -34 9 0
-13 26 -34 9 0
15 -34 9 0
d -26 15 -34 9 0
-34 9 0
d 15 -34 9 0
d -13 26 -34 9 0
23 -15 9 0
-26 -15 9 0
-15 9 0
d -26 -15 9 0
d 23 -15 9 0
33 -38 9 0
-38 28 26 9 0
-33 23 28 26 9 0
-36 16 13 1 5 9 0
16 -25 33 1 35 5 9 0
-25 33 1 35 11 5 9 0
-12 31 33 1 35 5 9 0
-41 28 26 9 0
28 26 9 0
d -41 28 26 9 0
d -33 23 28 26 9 0
d -38 28 26 9 0
-14 33 10 9 0
33 -28 9 0
-28 9 0
d 33 -28 9 0
10 21 9 0
-41 21 9 0
21 9 0
d -41 21 9 0
d 10 21 9 0
5 41 9 0
41 9 0
d 5 41 9 0
9 0
-3 0
-15 0
-21 0
-27 0
-33 0
-39 0
-37 24 -16 -41 0
-12 -16 -41 0
-26 20 1 -16 -41 0
1 31 38 -16 -41 0
31 38 -16 -41 0
d 1 31 38 -16 -41 0
-31 -16 -41 0
-16 -41 0
d -31 -16 -41 0
d 31 38 -16 -41 0
d -26 20 1 -16 -41 0
d -12 -16 -41 0
d -37 24 -16 -41 0
-26 20 -1 -41 0
20 -1 31 -41 0
-1 31 -41 0
d 20 -1 31 -41 0
-20 31 -41 0
22 26 28 31 -41 0
-14 34 31 -41 0
26 28 31 -41 0
d 22 26 28 31 -41 0
-26 31 -41 0
-6 31 -41 0
31 -41 0
d -6 31 -41 0
d -26 31 -41 0
d 26 28 31 -41 0
d -14 34 31 -41 0
d -20 31 -41 0
d -1 31 -41 0
-18 -41 0
-41 0
-19 36 -14 0
-25 35 36 -14 0
-23 36 -14 0
-6 -14 0
-25 35 23 -14 0
-14 1 0
-37 35 -28 23 14 0
-31 20 -28 23 14 0
35 -28 23 14 0
d -37 35 -28 23 14 0
-38 -28 23 1 0
-28 23 1 0
d -38 -28 23 1 0
-18 -20 38 28 1 0
-13 -20 38 28 0
-20 38 28 1 0
d -18 -20 38 28 1 0
-2 -37 34 22 20 28 23 0
-16 22 38 23 1 0
-37 16 22 20 23 14 0
-24 -5 -40 16 14 0
-5 -40 16 22 20 23 14 0
-19 5 34 16 28 1 0
22 38 23 1 0
d -16 22 38 23 1 0
-2 36 31 25 34 28 0
38 23 1 0
d 22 38 23 1 0
-5 -22 32 26 28 14 0
-22 23 1 0
-6 22 32 26 20 28 23 14 0
23 1 0
d -22 23 1 0
d 38 23 1 0
d -28 23 1 0
-25 32 -6 1 0
-34 38 18 14 0
32 2 28 1 0
2 28 1 0
d 32 2 28 1 0
28 1 0
d 2 28 1 0
d 16 -19 5 34 28 1 0
d -20 38 28 1 0
-18 1 0
1 0
-7 0
-13 0
-19 0
-25 0
-31 0
-37 0
-38 18 0
18 0
-6 0
-12 0
-24 0
-36 0
-35 -40 0
-40 0
38 0
-2 0
-14 0
-20 0
-26 0
-32 0
-35 0
34 0
-10 0
-16 0
-22 0
-28 0
23 0
29 0
-5 0
-11 0
0
